[2026-01-23 08:51:31] [STEP] Vérifications préalables
[2026-01-23 08:51:38] [SUCCESS] Vérifications terminées
[2026-01-23 08:51:38] [STEP] Mise à jour du système
[2026-01-23 08:51:58] [SUCCESS] Système mis à jour
[2026-01-23 08:51:58] [STEP] Installation de Docker Engine
[2026-01-23 08:51:58] [STEP] Installation de Java 21
[2026-01-23 08:51:58] [SUCCESS] Java 21 OK
[2026-01-23 08:51:58] [STEP] Installation de Node.js LTS
[2026-01-23 08:51:58] [STEP] Installation de Python 3.12
[2026-01-23 08:51:58] [STEP] Installation de Kotlin
[2026-01-23 08:51:58] [STEP] Installation de Gradle
[2026-01-23 08:51:59] [STEP] Installation de Kobweb CLI
[2026-01-23 08:52:00] [STEP] Installation de Visual Studio Code
[2026-01-23 08:52:00] [STEP] Installation d'IntelliJ IDEA Community
[2026-01-23 08:52:00] [SUCCESS] IntelliJ IDEA installé
[2026-01-23 08:52:00] [STEP] Installation de Postman
[2026-01-23 08:52:00] [STEP] Installation d'Android Studio
[2026-01-23 08:52:00] [SUCCESS] Android Studio installé
[2026-01-23 08:52:00] [STEP] Installation de MongoDB 8.0
[2026-01-23 08:52:00] [SUCCESS] Installation terminée à ven. 23 janv. 2026 08:52:00 WAT
