[2026-01-23 00:57:52] [STEP] Vérifications préalables
[2026-01-23 00:57:59] [SUCCESS] Vérifications terminées
[2026-01-23 00:57:59] [STEP] Mise à jour du système
[2026-01-23 01:00:32] [SUCCESS] Système mis à jour
[2026-01-23 01:00:32] [STEP] Installation de Docker Engine
[2026-01-23 01:00:32] [STEP] Installation de Java 21
[2026-01-23 01:00:32] [STEP] Installation de Node.js LTS
[2026-01-23 01:00:32] [STEP] Installation de Python 3.12
[2026-01-23 01:00:32] [STEP] Installation de Kotlin
[2026-01-23 01:01:36] [SUCCESS] Kotlin installé
[2026-01-23 01:01:36] [STEP] Installation de Gradle
[2026-01-23 01:01:36] [STEP] Installation de Kobweb CLI
[2026-01-23 01:01:36] [STEP] Installation de Visual Studio Code
[2026-01-23 01:01:36] [STEP] Installation d'IntelliJ IDEA Community
[2026-01-23 01:01:36] [SUCCESS] IntelliJ IDEA installé
[2026-01-23 01:01:36] [STEP] Installation de Postman
[2026-01-23 01:01:37] [STEP] Installation d'Android Studio
[2026-01-23 01:01:37] [SUCCESS] Android Studio installé
[2026-01-23 01:01:37] [STEP] Installation de MongoDB 8.0
[2026-01-23 01:01:37] [STEP] Installation de Docker Desktop
[2026-01-23 01:02:30] [SUCCESS] Docker Desktop installé
[2026-01-23 01:02:30] [SUCCESS] Installation terminée à ven. 23 janv. 2026 01:02:30 WAT
