[2026-01-22 15:24:05] [STEP] Vérifications préalables
[2026-01-22 15:24:05] [SUCCESS] Vérifications terminées
[2026-01-22 15:24:05] [STEP] Mise à jour du système
[2026-01-22 15:24:11] [SUCCESS] Système mis à jour et packages essentiels installés
[2026-01-22 15:24:11] [STEP] Installation de Docker Engine (procédure officielle)
[2026-01-22 15:24:11] [STEP] Installation de ASDF Version Manager vv0.16.0
[2026-01-22 15:24:11] [STEP] Installation des plugins ASDF
[2026-01-22 15:24:11] [STEP] Installation de Java (Temurin 21.0.x)...
[2026-01-22 15:24:11] [SUCCESS] Java temurin-21.0.10+7.0.LTS configuré
[2026-01-22 15:24:11] [SUCCESS] Plugins ASDF installés
[2026-01-22 15:24:11] [STEP] Installation de Visual Studio Code
[2026-01-22 15:24:11] [STEP] Installation d'IntelliJ IDEA (édition unifiée 2025.3+)
[2026-01-22 15:24:11] [STEP] Installation de Postman (via Snap - méthode officielle)
[2026-01-22 15:24:11] [STEP] Installation d'Android Studio (via Snap - méthode officielle 2026)
[2026-01-22 15:24:11] [STEP] Installation de MongoDB 8.0 (support natif Ubuntu 24.04)
[2026-01-22 15:24:11] [STEP] Installation d'outils supplémentaires DevOps
[2026-01-22 15:24:14] [SUCCESS] Outils supplémentaires installés
[2026-01-22 15:24:14] [STEP] Installation Kobweb CLI
[2026-01-22 15:24:14] [INFO] Téléchargement du binaire Kobweb CLI...
[2026-01-22 15:24:22] [SUCCESS] Binaire Kobweb téléchargé et extrait
